This file contains any messages produced by compilers while
running configure, to aid debugging if configure makes a mistake.

It was created by plank configure 0.6.1, which was
generated by GNU Autoconf 2.69.  Invocation command line was

  $ ./configure 

## --------- ##
## Platform. ##
## --------- ##

hostname = fatih-laptop
uname -m = x86_64
uname -r = 3.2.0-51-generic
uname -s = Linux
uname -v = #77-Ubuntu SMP Wed Jul 24 20:18:19 UTC 2013

/usr/bin/uname -p = unknown
/bin/uname -X     = unknown

/bin/arch              = unknown
/usr/bin/arch -k       = unknown
/usr/convex/getsysinfo = unknown
/usr/bin/hostinfo      = unknown
/bin/machine           = unknown
/usr/bin/oslevel       = unknown
/bin/universe          = unknown

PATH: /usr/lib/lightdm/lightdm
PATH: /usr/local/sbin
PATH: /usr/local/bin
PATH: /usr/sbin
PATH: /usr/bin
PATH: /sbin
PATH: /bin
PATH: /usr/games


## ----------- ##
## Core tests. ##
## ----------- ##

configure:2348: checking whether make supports nested variables
configure:2365: result: yes
configure:2429: checking for a BSD-compatible install
configure:2497: result: /usr/bin/install -c
configure:2508: checking whether build environment is sane
configure:2563: result: yes
configure:2714: checking for a thread-safe mkdir -p
configure:2753: result: /bin/mkdir -p
configure:2760: checking for gawk
configure:2790: result: no
configure:2760: checking for mawk
configure:2776: found /usr/bin/mawk
configure:2787: result: mawk
configure:2798: checking whether make sets $(MAKE)
configure:2820: result: yes
configure:2916: checking whether UID '1000' is supported by ustar format
configure:2919: result: yes
configure:2926: checking whether GID '1000' is supported by ustar format
configure:2929: result: yes
configure:2937: checking how to create a ustar tar archive
configure:2948: tar --version
tar (GNU tar) 1.26
Copyright (C) 2011 Free Software Foundation, Inc.
License GPLv3+: GNU GPL version 3 or later <http://gnu.org/licenses/gpl.html>.
This is free software: you are free to change and redistribute it.
There is NO WARRANTY, to the extent permitted by law.

Written by John Gilmore and Jay Fenlason.
configure:2951: $? = 0
configure:2991: tardir=conftest.dir && eval tar --format=ustar -chf - "$tardir" >conftest.tar
configure:2994: $? = 0
configure:2998: tar -xf - <conftest.tar
configure:3001: $? = 0
configure:3003: cat conftest.dir/file
GrepMe
configure:3006: $? = 0
configure:3019: result: gnutar
configure:3070: checking whether to enable maintainer-specific portions of Makefiles
configure:3079: result: no
configure:3141: checking for gcc
configure:3157: found /usr/bin/gcc
configure:3168: result: gcc
configure:3397: checking for C compiler version
configure:3406: gcc --version >&5
gcc (Ubuntu 4.8.1-2ubuntu1~12.04) 4.8.1
Copyright (C) 2013 Free Software Foundation, Inc.
This is free software; see the source for copying conditions.  There is NO
warranty; not even for MERCHANTABILITY or FITNESS FOR A PARTICULAR PURPOSE.

configure:3417: $? = 0
configure:3406: gcc -v >&5
Using built-in specs.
COLLECT_GCC=gcc
COLLECT_LTO_WRAPPER=/usr/lib/gcc/x86_64-linux-gnu/4.8/lto-wrapper
Target: x86_64-linux-gnu
Configured with: ../src/configure -v --with-pkgversion='Ubuntu 4.8.1-2ubuntu1~12.04' --with-bugurl=file:///usr/share/doc/gcc-4.8/README.Bugs --enable-languages=c,c++,java,go,d,fortran,objc,obj-c++ --prefix=/usr --program-suffix=-4.8 --enable-shared --enable-linker-build-id --libexecdir=/usr/lib --without-included-gettext --enable-threads=posix --with-gxx-include-dir=/usr/include/c++/4.8 --libdir=/usr/lib --enable-nls --with-sysroot=/ --enable-clocale=gnu --enable-libstdcxx-debug --enable-libstdcxx-time=yes --enable-gnu-unique-object --enable-plugin --with-system-zlib --disable-browser-plugin --enable-java-awt=gtk --enable-gtk-cairo --with-java-home=/usr/lib/jvm/java-1.5.0-gcj-4.8-amd64/jre --enable-java-home --with-jvm-root-dir=/usr/lib/jvm/java-1.5.0-gcj-4.8-amd64 --with-jvm-jar-dir=/usr/lib/jvm-exports/java-1.5.0-gcj-4.8-amd64 --with-arch-directory=amd64 --with-ecj-jar=/usr/share/java/eclipse-ecj.jar --enable-objc-gc --enable-multiarch --disable-werror --with-arch-32=i686 --with-abi=m64 --with-multilib-list=m32,m64 --with-tune=generic --enable-checking=release --build=x86_64-linux-gnu --host=x86_64-linux-gnu --target=x86_64-linux-gnu
Thread model: posix
gcc version 4.8.1 (Ubuntu 4.8.1-2ubuntu1~12.04) 
configure:3417: $? = 0
configure:3406: gcc -V >&5
gcc: error: unrecognized command line option '-V'
gcc: fatal error: no input files
compilation terminated.
configure:3417: $? = 4
configure:3406: gcc -qversion >&5
gcc: error: unrecognized command line option '-qversion'
gcc: fatal error: no input files
compilation terminated.
configure:3417: $? = 4
configure:3437: checking whether the C compiler works
configure:3459: gcc    conftest.c  >&5
configure:3463: $? = 0
configure:3511: result: yes
configure:3514: checking for C compiler default output file name
configure:3516: result: a.out
configure:3522: checking for suffix of executables
configure:3529: gcc -o conftest    conftest.c  >&5
configure:3533: $? = 0
configure:3555: result: 
configure:3577: checking whether we are cross compiling
configure:3585: gcc -o conftest    conftest.c  >&5
configure:3589: $? = 0
configure:3596: ./conftest
configure:3600: $? = 0
configure:3615: result: no
configure:3620: checking for suffix of object files
configure:3642: gcc -c   conftest.c >&5
configure:3646: $? = 0
configure:3667: result: o
configure:3671: checking whether we are using the GNU C compiler
configure:3690: gcc -c   conftest.c >&5
configure:3690: $? = 0
configure:3699: result: yes
configure:3708: checking whether gcc accepts -g
configure:3728: gcc -c -g  conftest.c >&5
configure:3728: $? = 0
configure:3769: result: yes
configure:3786: checking for gcc option to accept ISO C89
configure:3849: gcc  -c -g -O2  conftest.c >&5
configure:3849: $? = 0
configure:3862: result: none needed
configure:3887: checking whether gcc understands -c and -o together
configure:3909: gcc -c conftest.c -o conftest2.o
configure:3912: $? = 0
configure:3909: gcc -c conftest.c -o conftest2.o
configure:3912: $? = 0
configure:3924: result: yes
configure:3952: checking for style of include used by make
configure:3980: result: GNU
configure:4006: checking dependency style of gcc
configure:4117: result: gcc3
configure:4163: checking build system type
configure:4177: result: x86_64-unknown-linux-gnu
configure:4197: checking host system type
configure:4210: result: x86_64-unknown-linux-gnu
configure:4251: checking how to print strings
configure:4278: result: printf
configure:4299: checking for a sed that does not truncate output
configure:4363: result: /bin/sed
configure:4381: checking for grep that handles long lines and -e
configure:4439: result: /bin/grep
configure:4444: checking for egrep
configure:4506: result: /bin/grep -E
configure:4511: checking for fgrep
configure:4573: result: /bin/grep -F
configure:4608: checking for ld used by gcc
configure:4675: result: /usr/bin/ld
configure:4682: checking if the linker (/usr/bin/ld) is GNU ld
configure:4697: result: yes
configure:4709: checking for BSD- or MS-compatible name lister (nm)
configure:4758: result: /usr/bin/nm -B
configure:4888: checking the name lister (/usr/bin/nm -B) interface
configure:4895: gcc -c -g -O2  conftest.c >&5
configure:4898: /usr/bin/nm -B "conftest.o"
configure:4901: output
0000000000000000 B some_variable
configure:4908: result: BSD nm
configure:4911: checking whether ln -s works
configure:4915: result: yes
configure:4923: checking the maximum length of command line arguments
configure:5054: result: 1572864
configure:5071: checking whether the shell understands some XSI constructs
configure:5081: result: yes
configure:5085: checking whether the shell understands "+="
configure:5091: result: yes
configure:5126: checking how to convert x86_64-unknown-linux-gnu file names to x86_64-unknown-linux-gnu format
configure:5166: result: func_convert_file_noop
configure:5173: checking how to convert x86_64-unknown-linux-gnu file names to toolchain format
configure:5193: result: func_convert_file_noop
configure:5200: checking for /usr/bin/ld option to reload object files
configure:5207: result: -r
configure:5281: checking for objdump
configure:5297: found /usr/bin/objdump
configure:5308: result: objdump
configure:5340: checking how to recognize dependent libraries
configure:5538: result: pass_all
configure:5623: checking for dlltool
configure:5653: result: no
configure:5683: checking how to associate runtime and link libraries
configure:5710: result: printf %s\n
configure:5771: checking for ar
configure:5787: found /usr/bin/ar
configure:5798: result: ar
configure:5835: checking for archiver @FILE support
configure:5852: gcc -c -g -O2  conftest.c >&5
configure:5852: $? = 0
configure:5855: ar cru libconftest.a @conftest.lst >&5
configure:5858: $? = 0
configure:5863: ar cru libconftest.a @conftest.lst >&5
ar: conftest.o: No such file or directory
configure:5866: $? = 1
configure:5878: result: @
configure:5936: checking for strip
configure:5952: found /usr/bin/strip
configure:5963: result: strip
configure:6035: checking for ranlib
configure:6051: found /usr/bin/ranlib
configure:6062: result: ranlib
configure:6164: checking command to parse /usr/bin/nm -B output from gcc object
configure:6284: gcc -c -g -O2  conftest.c >&5
configure:6287: $? = 0
configure:6291: /usr/bin/nm -B conftest.o \| sed -n -e 's/^.*[ ]\([ABCDGIRSTW][ABCDGIRSTW]*\)[ ][ ]*\([_A-Za-z][_A-Za-z0-9]*\)$/\1 \2 \2/p' | sed '/ __gnu_lto/d' \> conftest.nm
configure:6294: $? = 0
configure:6360: gcc -o conftest -g -O2   conftest.c conftstm.o >&5
configure:6363: $? = 0
configure:6401: result: ok
configure:6438: checking for sysroot
configure:6468: result: no
configure:6545: gcc -c -g -O2  conftest.c >&5
configure:6548: $? = 0
configure:6737: checking for mt
configure:6753: found /bin/mt
configure:6764: result: mt
configure:6787: checking if mt is a manifest tool
configure:6793: mt '-?'
configure:6801: result: no
configure:7443: checking how to run the C preprocessor
configure:7474: gcc -E  conftest.c
configure:7474: $? = 0
configure:7488: gcc -E  conftest.c
conftest.c:13:28: fatal error: ac_nonexistent.h: No such file or directory
 #include <ac_nonexistent.h>
                            ^
compilation terminated.
configure:7488: $? = 1
configure: failed program was:
| /* confdefs.h */
| #define PACKAGE_NAME "plank"
| #define PACKAGE_TARNAME "plank"
| #define PACKAGE_VERSION "0.6.1"
| #define PACKAGE_STRING "plank 0.6.1"
| #define PACKAGE_BUGREPORT "https://bugs.launchpad.net/plank"
| #define PACKAGE_URL "https://launchpad.net/plank"
| #define RELEASE_NAME "Stupidly simple."
| #define VERSION_INFO "Release"
| #define PACKAGE "plank"
| #define VERSION "0.6.1"
| /* end confdefs.h.  */
| #include <ac_nonexistent.h>
configure:7513: result: gcc -E
configure:7533: gcc -E  conftest.c
configure:7533: $? = 0
configure:7547: gcc -E  conftest.c
conftest.c:13:28: fatal error: ac_nonexistent.h: No such file or directory
 #include <ac_nonexistent.h>
                            ^
compilation terminated.
configure:7547: $? = 1
configure: failed program was:
| /* confdefs.h */
| #define PACKAGE_NAME "plank"
| #define PACKAGE_TARNAME "plank"
| #define PACKAGE_VERSION "0.6.1"
| #define PACKAGE_STRING "plank 0.6.1"
| #define PACKAGE_BUGREPORT "https://bugs.launchpad.net/plank"
| #define PACKAGE_URL "https://launchpad.net/plank"
| #define RELEASE_NAME "Stupidly simple."
| #define VERSION_INFO "Release"
| #define PACKAGE "plank"
| #define VERSION "0.6.1"
| /* end confdefs.h.  */
| #include <ac_nonexistent.h>
configure:7576: checking for ANSI C header files
configure:7596: gcc -c -g -O2  conftest.c >&5
configure:7596: $? = 0
configure:7669: gcc -o conftest -g -O2   conftest.c  >&5
configure:7669: $? = 0
configure:7669: ./conftest
configure:7669: $? = 0
configure:7680: result: yes
configure:7693: checking for sys/types.h
configure:7693: gcc -c -g -O2  conftest.c >&5
configure:7693: $? = 0
configure:7693: result: yes
configure:7693: checking for sys/stat.h
configure:7693: gcc -c -g -O2  conftest.c >&5
configure:7693: $? = 0
configure:7693: result: yes
configure:7693: checking for stdlib.h
configure:7693: gcc -c -g -O2  conftest.c >&5
configure:7693: $? = 0
configure:7693: result: yes
configure:7693: checking for string.h
configure:7693: gcc -c -g -O2  conftest.c >&5
configure:7693: $? = 0
configure:7693: result: yes
configure:7693: checking for memory.h
configure:7693: gcc -c -g -O2  conftest.c >&5
configure:7693: $? = 0
configure:7693: result: yes
configure:7693: checking for strings.h
configure:7693: gcc -c -g -O2  conftest.c >&5
configure:7693: $? = 0
configure:7693: result: yes
configure:7693: checking for inttypes.h
configure:7693: gcc -c -g -O2  conftest.c >&5
configure:7693: $? = 0
configure:7693: result: yes
configure:7693: checking for stdint.h
configure:7693: gcc -c -g -O2  conftest.c >&5
configure:7693: $? = 0
configure:7693: result: yes
configure:7693: checking for unistd.h
configure:7693: gcc -c -g -O2  conftest.c >&5
configure:7693: $? = 0
configure:7693: result: yes
configure:7707: checking for dlfcn.h
configure:7707: gcc -c -g -O2  conftest.c >&5
configure:7707: $? = 0
configure:7707: result: yes
configure:7912: checking for objdir
configure:7927: result: .libs
configure:8198: checking if gcc supports -fno-rtti -fno-exceptions
configure:8216: gcc -c -g -O2  -fno-rtti -fno-exceptions conftest.c >&5
cc1: warning: command line option '-fno-rtti' is valid for C++/ObjC++ but not for C [enabled by default]
configure:8220: $? = 0
configure:8233: result: no
configure:8560: checking for gcc option to produce PIC
configure:8567: result: -fPIC -DPIC
configure:8575: checking if gcc PIC flag -fPIC -DPIC works
configure:8593: gcc -c -g -O2  -fPIC -DPIC -DPIC conftest.c >&5
configure:8597: $? = 0
configure:8610: result: yes
configure:8639: checking if gcc static flag -static works
configure:8667: result: yes
configure:8682: checking if gcc supports -c -o file.o
configure:8703: gcc -c -g -O2  -o out/conftest2.o conftest.c >&5
configure:8707: $? = 0
configure:8729: result: yes
configure:8737: checking if gcc supports -c -o file.o
configure:8784: result: yes
configure:8817: checking whether the gcc linker (/usr/bin/ld -m elf_x86_64) supports shared libraries
configure:9974: result: yes
configure:10011: checking whether -lc should be explicitly linked in
configure:10019: gcc -c -g -O2  conftest.c >&5
configure:10022: $? = 0
configure:10037: gcc -shared  -fPIC -DPIC conftest.o  -v -Wl,-soname -Wl,conftest -o conftest 2\>\&1 \| /bin/grep  -lc  \>/dev/null 2\>\&1
configure:10040: $? = 0
configure:10054: result: no
configure:10214: checking dynamic linker characteristics
configure:10714: gcc -o conftest -g -O2   -Wl,-rpath -Wl,/foo conftest.c  >&5
configure:10714: $? = 0
configure:10948: result: GNU/Linux ld.so
configure:11055: checking how to hardcode library paths into programs
configure:11080: result: immediate
configure:11620: checking whether stripping libraries is possible
configure:11625: result: yes
configure:11660: checking if libtool supports shared libraries
configure:11662: result: yes
configure:11665: checking whether to build shared libraries
configure:11686: result: yes
configure:11689: checking whether to build static libraries
configure:11693: result: no
configure:11784: checking for pkg-config
configure:11802: found /usr/bin/pkg-config
configure:11814: result: /usr/bin/pkg-config
configure:11839: checking pkg-config is at least version 0.21
configure:11842: result: yes
configure:11939: checking for cos in -lm
configure:11964: gcc -o conftest -g -O2   conftest.c -lm   >&5
conftest.c:32:6: warning: conflicting types for built-in function 'cos' [enabled by default]
 char cos ();
      ^
configure:11964: $? = 0
configure:11973: result: yes
configure:12009: checking for valac
configure:12027: found /usr/bin/valac
configure:12040: result: /usr/bin/valac
configure:12049: checking whether /usr/bin/valac is at least version 0.16.0
configure:12057: result: yes
configure:12084: checking for vapigen
configure:12102: found /usr/bin/vapigen
configure:12114: result: /usr/bin/vapigen
configure:12166: checking for glib-compile-resources
configure:12184: found /usr/bin/glib-compile-resources
configure:12196: result: /usr/bin/glib-compile-resources
configure:12211: checking for xmllint
configure:12229: found /usr/bin/xmllint
configure:12241: result: /usr/bin/xmllint
configure:12262: checking for GTK
configure:12269: $PKG_CONFIG --exists --print-errors "$GTK_PKGS"
Requested 'gtk+-3.0 >= 3.10.0' but version of GTK+ is 3.4.2
configure:12272: $? = 1
configure:12286: $PKG_CONFIG --exists --print-errors "$GTK_PKGS"
Requested 'gtk+-3.0 >= 3.10.0' but version of GTK+ is 3.4.2
configure:12289: $? = 1
configure:12303: result: no
Requested 'gtk+-3.0 >= 3.10.0' but version of GTK+ is 3.4.2
configure:12348: checking for BAMF
configure:12355: $PKG_CONFIG --exists --print-errors "$BAMF_PKGS"
Requested 'libbamf3 >= 0.4.0' but version of libbamf3 is 0.2.126
configure:12358: $? = 1
configure:12372: $PKG_CONFIG --exists --print-errors "$BAMF_PKGS"
Requested 'libbamf3 >= 0.4.0' but version of libbamf3 is 0.2.126
configure:12375: $? = 1
configure:12389: result: no
Requested 'libbamf3 >= 0.4.0' but version of libbamf3 is 0.2.126
configure:12436: checking for GEE_0_8
configure:12443: $PKG_CONFIG --exists --print-errors "gee-0.8"
Package gee-0.8 was not found in the pkg-config search path.
Perhaps you should add the directory containing `gee-0.8.pc'
to the PKG_CONFIG_PATH environment variable
No package 'gee-0.8' found
configure:12446: $? = 1
configure:12460: $PKG_CONFIG --exists --print-errors "gee-0.8"
Package gee-0.8 was not found in the pkg-config search path.
Perhaps you should add the directory containing `gee-0.8.pc'
to the PKG_CONFIG_PATH environment variable
No package 'gee-0.8' found
configure:12463: $? = 1
configure:12477: result: no
No package 'gee-0.8' found
configure:12536: checking for DBUSMENU
configure:12543: $PKG_CONFIG --exists --print-errors "$DBUSMENU_PKGS"
Package dbusmenu-glib-0.4 was not found in the pkg-config search path.
Perhaps you should add the directory containing `dbusmenu-glib-0.4.pc'
to the PKG_CONFIG_PATH environment variable
No package 'dbusmenu-glib-0.4' found
Package dbusmenu-gtk3-0.4 was not found in the pkg-config search path.
Perhaps you should add the directory containing `dbusmenu-gtk3-0.4.pc'
to the PKG_CONFIG_PATH environment variable
No package 'dbusmenu-gtk3-0.4' found
configure:12546: $? = 1
configure:12560: $PKG_CONFIG --exists --print-errors "$DBUSMENU_PKGS"
Package dbusmenu-glib-0.4 was not found in the pkg-config search path.
Perhaps you should add the directory containing `dbusmenu-glib-0.4.pc'
to the PKG_CONFIG_PATH environment variable
No package 'dbusmenu-glib-0.4' found
Package dbusmenu-gtk3-0.4 was not found in the pkg-config search path.
Perhaps you should add the directory containing `dbusmenu-gtk3-0.4.pc'
to the PKG_CONFIG_PATH environment variable
No package 'dbusmenu-gtk3-0.4' found
configure:12563: $? = 1
configure:12577: result: no
No package 'dbusmenu-glib-0.4' found
No package 'dbusmenu-gtk3-0.4' found
configure:12627: checking for PLANK_CORE
configure:12634: $PKG_CONFIG --exists --print-errors "$PLANK_CORE_PKGS"
configure:12637: $? = 0
configure:12651: $PKG_CONFIG --exists --print-errors "$PLANK_CORE_PKGS"
configure:12654: $? = 0
configure:12712: result: yes
configure:13074: checking whether NLS is requested
configure:13083: result: yes
configure:13101: checking for intltool >= 0.35.0
configure:13103: result: 0.50.2 found
configure:13111: checking for intltool-update
configure:13129: found /usr/bin/intltool-update
configure:13141: result: /usr/bin/intltool-update
configure:13151: checking for intltool-merge
configure:13169: found /usr/bin/intltool-merge
configure:13181: result: /usr/bin/intltool-merge
configure:13191: checking for intltool-extract
configure:13209: found /usr/bin/intltool-extract
configure:13221: result: /usr/bin/intltool-extract
configure:13375: checking for xgettext
configure:13393: found /usr/bin/xgettext
configure:13405: result: /usr/bin/xgettext
configure:13415: checking for msgmerge
configure:13433: found /usr/bin/msgmerge
configure:13445: result: /usr/bin/msgmerge
configure:13455: checking for msgfmt
configure:13473: found /usr/bin/msgfmt
configure:13485: result: /usr/bin/msgfmt
configure:13495: checking for gmsgfmt
configure:13526: result: /usr/bin/msgfmt
configure:13546: checking for perl
configure:13564: found /usr/bin/perl
configure:13576: result: /usr/bin/perl
configure:13587: checking for perl >= 5.8.1
configure:13594: result: 5.14.2
configure:13598: checking for XML::Parser
configure:13601: result: ok
configure:13626: gcc -o conftest -g -O2   conftest.c  >&5
configure:13626: $? = 0
configure:13769: checking that generated files are newer than configure
configure:13775: result: done
configure:13838: creating ./config.status

## ---------------------- ##
## Running config.status. ##
## ---------------------- ##

This file was extended by plank config.status 0.6.1, which was
generated by GNU Autoconf 2.69.  Invocation command line was

  CONFIG_FILES    = 
  CONFIG_HEADERS  = 
  CONFIG_LINKS    = 
  CONFIG_COMMANDS = 
  $ ./config.status 

on fatih-laptop

config.status:1212: creating Makefile
config.status:1212: creating data/Makefile
config.status:1212: creating data/apport/Makefile
config.status:1212: creating data/icons/Makefile
config.status:1212: creating data/themes/Makefile
config.status:1212: creating lib/Makefile
config.status:1212: creating lib/plank.deps
config.status:1212: creating lib/plank.pc
config.status:1212: creating src/Makefile
config.status:1212: creating docs/Makefile
config.status:1212: creating po/Makefile.in
config.status:1212: creating tests/Makefile
config.status:1212: creating vapi/Makefile
config.status:1212: creating config.h
config.status:1441: executing depfiles commands
config.status:1441: executing libtool commands
config.status:1441: executing po/stamp-it commands

## ---------------- ##
## Cache variables. ##
## ---------------- ##

ac_cv_build=x86_64-unknown-linux-gnu
ac_cv_c_compiler_gnu=yes
ac_cv_env_BAMF_CFLAGS_set=
ac_cv_env_BAMF_CFLAGS_value=
ac_cv_env_BAMF_LIBS_set=
ac_cv_env_BAMF_LIBS_value=
ac_cv_env_CC_set=
ac_cv_env_CC_value=
ac_cv_env_CFLAGS_set=
ac_cv_env_CFLAGS_value=
ac_cv_env_CPPFLAGS_set=
ac_cv_env_CPPFLAGS_value=
ac_cv_env_CPP_set=
ac_cv_env_CPP_value=
ac_cv_env_DBUSMENU_CFLAGS_set=
ac_cv_env_DBUSMENU_CFLAGS_value=
ac_cv_env_DBUSMENU_LIBS_set=
ac_cv_env_DBUSMENU_LIBS_value=
ac_cv_env_GEE_0_8_CFLAGS_set=
ac_cv_env_GEE_0_8_CFLAGS_value=
ac_cv_env_GEE_0_8_LIBS_set=
ac_cv_env_GEE_0_8_LIBS_value=
ac_cv_env_GLIB_COMPILE_RESOURCES_set=
ac_cv_env_GLIB_COMPILE_RESOURCES_value=
ac_cv_env_GTK_CFLAGS_set=
ac_cv_env_GTK_CFLAGS_value=
ac_cv_env_GTK_LIBS_set=
ac_cv_env_GTK_LIBS_value=
ac_cv_env_LDFLAGS_set=
ac_cv_env_LDFLAGS_value=
ac_cv_env_LIBS_set=
ac_cv_env_LIBS_value=
ac_cv_env_PKG_CONFIG_LIBDIR_set=
ac_cv_env_PKG_CONFIG_LIBDIR_value=
ac_cv_env_PKG_CONFIG_PATH_set=
ac_cv_env_PKG_CONFIG_PATH_value=
ac_cv_env_PKG_CONFIG_set=
ac_cv_env_PKG_CONFIG_value=
ac_cv_env_PLANK_CORE_CFLAGS_set=
ac_cv_env_PLANK_CORE_CFLAGS_value=
ac_cv_env_PLANK_CORE_LIBS_set=
ac_cv_env_PLANK_CORE_LIBS_value=
ac_cv_env_VALADOC_CFLAGS_set=
ac_cv_env_VALADOC_CFLAGS_value=
ac_cv_env_VALADOC_LIBS_set=
ac_cv_env_VALADOC_LIBS_value=
ac_cv_env_XMLLINT_set=
ac_cv_env_XMLLINT_value=
ac_cv_env_build_alias_set=
ac_cv_env_build_alias_value=
ac_cv_env_host_alias_set=
ac_cv_env_host_alias_value=
ac_cv_env_target_alias_set=
ac_cv_env_target_alias_value=
ac_cv_header_dlfcn_h=yes
ac_cv_header_inttypes_h=yes
ac_cv_header_memory_h=yes
ac_cv_header_stdc=yes
ac_cv_header_stdint_h=yes
ac_cv_header_stdlib_h=yes
ac_cv_header_string_h=yes
ac_cv_header_strings_h=yes
ac_cv_header_sys_stat_h=yes
ac_cv_header_sys_types_h=yes
ac_cv_header_unistd_h=yes
ac_cv_host=x86_64-unknown-linux-gnu
ac_cv_lib_m_cos=yes
ac_cv_objext=o
ac_cv_path_EGREP='/bin/grep -E'
ac_cv_path_FGREP='/bin/grep -F'
ac_cv_path_GLIB_COMPILE_RESOURCES=/usr/bin/glib-compile-resources
ac_cv_path_GMSGFMT=/usr/bin/msgfmt
ac_cv_path_GREP=/bin/grep
ac_cv_path_INTLTOOL_EXTRACT=/usr/bin/intltool-extract
ac_cv_path_INTLTOOL_MERGE=/usr/bin/intltool-merge
ac_cv_path_INTLTOOL_PERL=/usr/bin/perl
ac_cv_path_INTLTOOL_UPDATE=/usr/bin/intltool-update
ac_cv_path_MSGFMT=/usr/bin/msgfmt
ac_cv_path_MSGMERGE=/usr/bin/msgmerge
ac_cv_path_SED=/bin/sed
ac_cv_path_VALAC=/usr/bin/valac
ac_cv_path_VAPIGEN=/usr/bin/vapigen
ac_cv_path_XGETTEXT=/usr/bin/xgettext
ac_cv_path_XMLLINT=/usr/bin/xmllint
ac_cv_path_ac_pt_PKG_CONFIG=/usr/bin/pkg-config
ac_cv_path_install='/usr/bin/install -c'
ac_cv_path_mkdir=/bin/mkdir
ac_cv_prog_AWK=mawk
ac_cv_prog_CPP='gcc -E'
ac_cv_prog_ac_ct_AR=ar
ac_cv_prog_ac_ct_CC=gcc
ac_cv_prog_ac_ct_MANIFEST_TOOL=mt
ac_cv_prog_ac_ct_OBJDUMP=objdump
ac_cv_prog_ac_ct_RANLIB=ranlib
ac_cv_prog_ac_ct_STRIP=strip
ac_cv_prog_cc_c89=
ac_cv_prog_cc_g=yes
ac_cv_prog_make_make_set=yes
am_cv_CC_dependencies_compiler_type=gcc3
am_cv_make_support_nested_variables=yes
am_cv_prog_cc_c_o=yes
am_cv_prog_tar_ustar=gnutar
lt_cv_ar_at_file=@
lt_cv_archive_cmds_need_lc=no
lt_cv_deplibs_check_method=pass_all
lt_cv_file_magic_cmd='$MAGIC_CMD'
lt_cv_file_magic_test_file=
lt_cv_ld_reload_flag=-r
lt_cv_nm_interface='BSD nm'
lt_cv_objdir=.libs
lt_cv_path_LD=/usr/bin/ld
lt_cv_path_NM='/usr/bin/nm -B'
lt_cv_path_mainfest_tool=no
lt_cv_prog_compiler_c_o=yes
lt_cv_prog_compiler_pic='-fPIC -DPIC'
lt_cv_prog_compiler_pic_works=yes
lt_cv_prog_compiler_rtti_exceptions=no
lt_cv_prog_compiler_static_works=yes
lt_cv_prog_gnu_ld=yes
lt_cv_sharedlib_from_linklib_cmd='printf %s\n'
lt_cv_shlibpath_overrides_runpath=no
lt_cv_sys_global_symbol_pipe='sed -n -e '\''s/^.*[	 ]\([ABCDGIRSTW][ABCDGIRSTW]*\)[	 ][	 ]*\([_A-Za-z][_A-Za-z0-9]*\)$/\1 \2 \2/p'\'' | sed '\''/ __gnu_lto/d'\'''
lt_cv_sys_global_symbol_to_c_name_address='sed -n -e '\''s/^: \([^ ]*\)[ ]*$/  {\"\1\", (void *) 0},/p'\'' -e '\''s/^[ABCDGIRSTW]* \([^ ]*\) \([^ ]*\)$/  {"\2", (void *) \&\2},/p'\'''
lt_cv_sys_global_symbol_to_c_name_address_lib_prefix='sed -n -e '\''s/^: \([^ ]*\)[ ]*$/  {\"\1\", (void *) 0},/p'\'' -e '\''s/^[ABCDGIRSTW]* \([^ ]*\) \(lib[^ ]*\)$/  {"\2", (void *) \&\2},/p'\'' -e '\''s/^[ABCDGIRSTW]* \([^ ]*\) \([^ ]*\)$/  {"lib\2", (void *) \&\2},/p'\'''
lt_cv_sys_global_symbol_to_cdecl='sed -n -e '\''s/^T .* \(.*\)$/extern int \1();/p'\'' -e '\''s/^[ABCDGIRSTW]* .* \(.*\)$/extern char \1;/p'\'''
lt_cv_sys_max_cmd_len=1572864
lt_cv_to_host_file_cmd=func_convert_file_noop
lt_cv_to_tool_file_cmd=func_convert_file_noop
pkg_cv_PLANK_CORE_CFLAGS='-pthread -DWNCK_I_KNOW_THIS_IS_UNSTABLE -I/usr/include/glib-2.0 -I/usr/lib/x86_64-linux-gnu/glib-2.0/include -I/usr/include/gio-unix-2.0/ -I/usr/include/gtk-3.0 -I/usr/include/pango-1.0 -I/usr/include/atk-1.0 -I/usr/include/cairo -I/usr/include/gdk-pixbuf-2.0 -I/usr/include/freetype2 -I/usr/include/pixman-1 -I/usr/include/libpng12 -I/usr/include/libbamf3 -I/usr/lib/x86_64-linux-gnu/libbamf3/include -I/usr/include/startup-notification-1.0 -I/usr/include/gee-1.0 -I/usr/include/libwnck-3.0  '
pkg_cv_PLANK_CORE_LIBS='-pthread -lgthread-2.0 -lrt -lbamf3 -lwnck-3 -lgtk-3 -lgdk-3 -latk-1.0 -lgio-2.0 -lpangocairo-1.0 -lgdk_pixbuf-2.0 -lcairo-gobject -lpango-1.0 -lcairo -lX11 -lgee -lgobject-2.0 -lglib-2.0  '

## ----------------- ##
## Output variables. ##
## ----------------- ##

ACLOCAL='${SHELL} /home/fatih/plank-0.6.1/build-aux/missing aclocal-1.14'
ALL_LINGUAS=''
AMDEPBACKSLASH='\'
AMDEP_FALSE='#'
AMDEP_TRUE=''
AMTAR='$${TAR-tar}'
AM_BACKSLASH='\'
AM_DEFAULT_V='$(AM_DEFAULT_VERBOSITY)'
AM_DEFAULT_VERBOSITY='0'
AM_V='$(V)'
API_VERSION='0.3'
AR='ar'
AUTOCONF='${SHELL} /home/fatih/plank-0.6.1/build-aux/missing autoconf'
AUTOHEADER='${SHELL} /home/fatih/plank-0.6.1/build-aux/missing autoheader'
AUTOMAKE='${SHELL} /home/fatih/plank-0.6.1/build-aux/missing automake-1.14'
AWK='mawk'
BAMF_CFLAGS=''
BAMF_LIBS=''
CC='gcc'
CCDEPMODE='depmode=gcc3'
CFLAGS='-g -O2'
CPP='gcc -E'
CPPFLAGS=''
CYGPATH_W='echo'
DATADIRNAME='share'
DBUSMENU_CFLAGS=''
DBUSMENU_LIBS=''
DBUS_LAUNCH=''
DEFS='-DHAVE_CONFIG_H'
DEPDIR='.deps'
DLLTOOL='false'
DSYMUTIL=''
DUMPBIN=''
ECHO_C=''
ECHO_N='-n'
ECHO_T=''
EGREP='/bin/grep -E'
ENABLE_APPORT_FALSE='#'
ENABLE_APPORT_TRUE=''
ENABLE_DOCS_FALSE=''
ENABLE_DOCS_TRUE='#'
EXEEXT=''
FGREP='/bin/grep -F'
GEE_0_8_CFLAGS=''
GEE_0_8_LIBS=''
GEE_DEPEND='gee-1.0'
GETTEXT_PACKAGE='plank'
GLIB_COMPILE_RESOURCES='/usr/bin/glib-compile-resources'
GMSGFMT='/usr/bin/msgfmt'
GREP='/bin/grep'
GTK_CFLAGS=''
GTK_LIBS=''
HAVE_BAMF_0_4_FALSE=''
HAVE_BAMF_0_4_TRUE='#'
HAVE_DBUSMENU_FALSE=''
HAVE_DBUSMENU_TRUE='#'
HAVE_GEE_0_8_FALSE=''
HAVE_GEE_0_8_TRUE='#'
HAVE_HEADLESS_TESTS_FALSE=''
HAVE_HEADLESS_TESTS_TRUE='#'
HAVE_VALADOC_FALSE=''
HAVE_VALADOC_TRUE='#'
HAVE_hidpi_FALSE=''
HAVE_hidpi_TRUE='#'
INSTALL_DATA='${INSTALL} -m 644'
INSTALL_PROGRAM='${INSTALL}'
INSTALL_SCRIPT='${INSTALL}'
INSTALL_STRIP_PROGRAM='$(install_sh) -c -s'
INTLTOOL_CAVES_RULE='%.caves:     %.caves.in     $(INTLTOOL_MERGE) $(wildcard $(top_srcdir)/po/*.po) ; $(INTLTOOL_V_MERGE)LC_ALL=C $(INTLTOOL_MERGE) $(INTLTOOL_V_MERGE_OPTIONS) -d -u -c $(top_builddir)/po/.intltool-merge-cache $(top_srcdir)/po $< $@'
INTLTOOL_DESKTOP_RULE='%.desktop:   %.desktop.in   $(INTLTOOL_MERGE) $(wildcard $(top_srcdir)/po/*.po) ; $(INTLTOOL_V_MERGE)LC_ALL=C $(INTLTOOL_MERGE) $(INTLTOOL_V_MERGE_OPTIONS) -d -u -c $(top_builddir)/po/.intltool-merge-cache $(top_srcdir)/po $< $@'
INTLTOOL_DIRECTORY_RULE='%.directory: %.directory.in $(INTLTOOL_MERGE) $(wildcard $(top_srcdir)/po/*.po) ; $(INTLTOOL_V_MERGE)LC_ALL=C $(INTLTOOL_MERGE) $(INTLTOOL_V_MERGE_OPTIONS) -d -u -c $(top_builddir)/po/.intltool-merge-cache $(top_srcdir)/po $< $@'
INTLTOOL_EXTRACT='/usr/bin/intltool-extract'
INTLTOOL_KBD_RULE='%.kbd:       %.kbd.in       $(INTLTOOL_MERGE) $(wildcard $(top_srcdir)/po/*.po) ; $(INTLTOOL_V_MERGE)LC_ALL=C $(INTLTOOL_MERGE) $(INTLTOOL_V_MERGE_OPTIONS) -x -u -m -c $(top_builddir)/po/.intltool-merge-cache $(top_srcdir)/po $< $@'
INTLTOOL_KEYS_RULE='%.keys:      %.keys.in      $(INTLTOOL_MERGE) $(wildcard $(top_srcdir)/po/*.po) ; $(INTLTOOL_V_MERGE)LC_ALL=C $(INTLTOOL_MERGE) $(INTLTOOL_V_MERGE_OPTIONS) -k -u -c $(top_builddir)/po/.intltool-merge-cache $(top_srcdir)/po $< $@'
INTLTOOL_MERGE='/usr/bin/intltool-merge'
INTLTOOL_OAF_RULE='%.oaf:       %.oaf.in       $(INTLTOOL_MERGE) $(wildcard $(top_srcdir)/po/*.po) ; $(INTLTOOL_V_MERGE)LC_ALL=C $(INTLTOOL_MERGE) $(INTLTOOL_V_MERGE_OPTIONS) -o -p $(top_srcdir)/po $< $@'
INTLTOOL_PERL='/usr/bin/perl'
INTLTOOL_POLICY_RULE='%.policy:    %.policy.in    $(INTLTOOL_MERGE) $(wildcard $(top_srcdir)/po/*.po) ; $(INTLTOOL_V_MERGE)LC_ALL=C $(INTLTOOL_MERGE) $(INTLTOOL_V_MERGE_OPTIONS) -x -u -c $(top_builddir)/po/.intltool-merge-cache $(top_srcdir)/po $< $@'
INTLTOOL_PONG_RULE='%.pong:      %.pong.in      $(INTLTOOL_MERGE) $(wildcard $(top_srcdir)/po/*.po) ; $(INTLTOOL_V_MERGE)LC_ALL=C $(INTLTOOL_MERGE) $(INTLTOOL_V_MERGE_OPTIONS) -x -u -c $(top_builddir)/po/.intltool-merge-cache $(top_srcdir)/po $< $@'
INTLTOOL_PROP_RULE='%.prop:      %.prop.in      $(INTLTOOL_MERGE) $(wildcard $(top_srcdir)/po/*.po) ; $(INTLTOOL_V_MERGE)LC_ALL=C $(INTLTOOL_MERGE) $(INTLTOOL_V_MERGE_OPTIONS) -d -u -c $(top_builddir)/po/.intltool-merge-cache $(top_srcdir)/po $< $@'
INTLTOOL_SCHEMAS_RULE='%.schemas:   %.schemas.in   $(INTLTOOL_MERGE) $(wildcard $(top_srcdir)/po/*.po) ; $(INTLTOOL_V_MERGE)LC_ALL=C $(INTLTOOL_MERGE) $(INTLTOOL_V_MERGE_OPTIONS) -s -u -c $(top_builddir)/po/.intltool-merge-cache $(top_srcdir)/po $< $@'
INTLTOOL_SERVER_RULE='%.server:    %.server.in    $(INTLTOOL_MERGE) $(wildcard $(top_srcdir)/po/*.po) ; $(INTLTOOL_V_MERGE)LC_ALL=C $(INTLTOOL_MERGE) $(INTLTOOL_V_MERGE_OPTIONS) -o -u -c $(top_builddir)/po/.intltool-merge-cache $(top_srcdir)/po $< $@'
INTLTOOL_SERVICE_RULE='%.service: %.service.in   $(INTLTOOL_MERGE) $(wildcard $(top_srcdir)/po/*.po) ; $(INTLTOOL_V_MERGE)LC_ALL=C $(INTLTOOL_MERGE) $(INTLTOOL_V_MERGE_OPTIONS) -d -u -c $(top_builddir)/po/.intltool-merge-cache $(top_srcdir)/po $< $@'
INTLTOOL_SHEET_RULE='%.sheet:     %.sheet.in     $(INTLTOOL_MERGE) $(wildcard $(top_srcdir)/po/*.po) ; $(INTLTOOL_V_MERGE)LC_ALL=C $(INTLTOOL_MERGE) $(INTLTOOL_V_MERGE_OPTIONS) -x -u -c $(top_builddir)/po/.intltool-merge-cache $(top_srcdir)/po $< $@'
INTLTOOL_SOUNDLIST_RULE='%.soundlist: %.soundlist.in $(INTLTOOL_MERGE) $(wildcard $(top_srcdir)/po/*.po) ; $(INTLTOOL_V_MERGE)LC_ALL=C $(INTLTOOL_MERGE) $(INTLTOOL_V_MERGE_OPTIONS) -d -u -c $(top_builddir)/po/.intltool-merge-cache $(top_srcdir)/po $< $@'
INTLTOOL_THEME_RULE='%.theme:     %.theme.in     $(INTLTOOL_MERGE) $(wildcard $(top_srcdir)/po/*.po) ; $(INTLTOOL_V_MERGE)LC_ALL=C $(INTLTOOL_MERGE) $(INTLTOOL_V_MERGE_OPTIONS) -d -u -c $(top_builddir)/po/.intltool-merge-cache $(top_srcdir)/po $< $@'
INTLTOOL_UI_RULE='%.ui:        %.ui.in        $(INTLTOOL_MERGE) $(wildcard $(top_srcdir)/po/*.po) ; $(INTLTOOL_V_MERGE)LC_ALL=C $(INTLTOOL_MERGE) $(INTLTOOL_V_MERGE_OPTIONS) -x -u -c $(top_builddir)/po/.intltool-merge-cache $(top_srcdir)/po $< $@'
INTLTOOL_UPDATE='/usr/bin/intltool-update'
INTLTOOL_V_MERGE='$(INTLTOOL__v_MERGE_$(V))'
INTLTOOL_V_MERGE_OPTIONS='$(intltool__v_merge_options_$(V))'
INTLTOOL_XAM_RULE='%.xam:       %.xml.in       $(INTLTOOL_MERGE) $(wildcard $(top_srcdir)/po/*.po) ; $(INTLTOOL_V_MERGE)LC_ALL=C $(INTLTOOL_MERGE) $(INTLTOOL_V_MERGE_OPTIONS) -x -u -c $(top_builddir)/po/.intltool-merge-cache $(top_srcdir)/po $< $@'
INTLTOOL_XML_NOMERGE_RULE='%.xml:       %.xml.in       $(INTLTOOL_MERGE) ; $(INTLTOOL_V_MERGE)LC_ALL=C $(INTLTOOL_MERGE) $(INTLTOOL_V_MERGE_OPTIONS) -x -u --no-translations $< $@'
INTLTOOL_XML_RULE='%.xml:       %.xml.in       $(INTLTOOL_MERGE) $(wildcard $(top_srcdir)/po/*.po) ; $(INTLTOOL_V_MERGE)LC_ALL=C $(INTLTOOL_MERGE) $(INTLTOOL_V_MERGE_OPTIONS) -x -u -c $(top_builddir)/po/.intltool-merge-cache $(top_srcdir)/po $< $@'
INTLTOOL__v_MERGE_0='@echo "  ITMRG " $@;'
INTLTOOL__v_MERGE_='$(INTLTOOL__v_MERGE_$(AM_DEFAULT_VERBOSITY))'
LD='/usr/bin/ld -m elf_x86_64'
LDFLAGS=''
LIBM='-lm'
LIBOBJS=''
LIBS=''
LIBTOOL='$(SHELL) $(top_builddir)/libtool'
LIPO=''
LN_S='ln -s'
LTLIBOBJS=''
LT_AGE='0'
LT_CURRENT='0'
LT_REVISION='0'
MAINT='#'
MAINTAINER_MODE_FALSE=''
MAINTAINER_MODE_TRUE='#'
MAKEINFO='${SHELL} /home/fatih/plank-0.6.1/build-aux/missing makeinfo'
MANIFEST_TOOL=':'
MKDIR_P='/bin/mkdir -p'
MSGFMT='/usr/bin/msgfmt'
MSGMERGE='/usr/bin/msgmerge'
NM='/usr/bin/nm -B'
NMEDIT=''
OBJDUMP='objdump'
OBJEXT='o'
OTOOL64=''
OTOOL=''
PACKAGE='plank'
PACKAGE_BUGREPORT='https://bugs.launchpad.net/plank'
PACKAGE_NAME='plank'
PACKAGE_STRING='plank 0.6.1'
PACKAGE_TARNAME='plank'
PACKAGE_URL='https://launchpad.net/plank'
PACKAGE_VERSION='0.6.1'
PATH_SEPARATOR=':'
PKG_CONFIG='/usr/bin/pkg-config'
PKG_CONFIG_LIBDIR=''
PKG_CONFIG_PATH=''
PLANK_CORE_CFLAGS='-pthread -DWNCK_I_KNOW_THIS_IS_UNSTABLE -I/usr/include/glib-2.0 -I/usr/lib/x86_64-linux-gnu/glib-2.0/include -I/usr/include/gio-unix-2.0/ -I/usr/include/gtk-3.0 -I/usr/include/pango-1.0 -I/usr/include/atk-1.0 -I/usr/include/cairo -I/usr/include/gdk-pixbuf-2.0 -I/usr/include/freetype2 -I/usr/include/pixman-1 -I/usr/include/libpng12 -I/usr/include/libbamf3 -I/usr/lib/x86_64-linux-gnu/libbamf3/include -I/usr/include/startup-notification-1.0 -I/usr/include/gee-1.0 -I/usr/include/libwnck-3.0  '
PLANK_CORE_LIBS='-pthread -lgthread-2.0 -lrt -lbamf3 -lwnck-3 -lgtk-3 -lgdk-3 -latk-1.0 -lgio-2.0 -lpangocairo-1.0 -lgdk_pixbuf-2.0 -lcairo-gobject -lpango-1.0 -lcairo -lX11 -lgee -lgobject-2.0 -lglib-2.0  '
PLANK_CORE_OPTIONAL_PKGS=''
PLANK_CORE_VALAFLAGS='--thread --target-glib=2.32 --pkg gio-unix-2.0                       --pkg gtk+-3.0                       --pkg gdk-x11-3.0                       --pkg gdk-pixbuf-2.0                       --pkg libbamf3                       --pkg libwnck-3.0                       --pkg posix                       --pkg x11 --pkg gee-1.0'
PLANK_DOCS_VALAFLAGS='--target-glib=2.32 --pkg gio-unix-2.0                       --pkg gtk+-3.0                       --pkg gdk-x11-3.0                       --pkg gdk-pixbuf-2.0                       --pkg libbamf3                       --pkg libwnck-3.0                       --pkg posix                       --pkg x11 --pkg gee-1.0'
PLANK_MAJOR_MINOR_VERSION='0.6'
RANLIB='ranlib'
SED='/bin/sed'
SET_MAKE=''
SHELL='/bin/bash'
STRIP='strip'
USE_NLS='yes'
VALAC='/usr/bin/valac'
VALADOC=''
VALADOC_CFLAGS=''
VALADOC_LIBS=''
VAPIGEN='/usr/bin/vapigen'
VERSION='0.6.1'
XGETTEXT='/usr/bin/xgettext'
XMLLINT='/usr/bin/xmllint'
XVFB_RUN=''
ac_ct_AR='ar'
ac_ct_CC='gcc'
ac_ct_DUMPBIN=''
am__EXEEXT_FALSE=''
am__EXEEXT_TRUE='#'
am__fastdepCC_FALSE='#'
am__fastdepCC_TRUE=''
am__include='include'
am__isrc=''
am__leading_dot='.'
am__nodep='_no'
am__quote=''
am__tar='tar --format=ustar -chf - "$$tardir"'
am__untar='tar -xf -'
bindir='${exec_prefix}/bin'
build='x86_64-unknown-linux-gnu'
build_alias=''
build_cpu='x86_64'
build_os='linux-gnu'
build_vendor='unknown'
datadir='${datarootdir}'
datarootdir='${prefix}/share'
docdir='${datarootdir}/doc/${PACKAGE_TARNAME}'
dvidir='${docdir}'
exec_prefix='${prefix}'
host='x86_64-unknown-linux-gnu'
host_alias=''
host_cpu='x86_64'
host_os='linux-gnu'
host_vendor='unknown'
htmldir='${docdir}'
includedir='${prefix}/include'
infodir='${datarootdir}/info'
install_sh='${SHELL} /home/fatih/plank-0.6.1/build-aux/install-sh'
intltool__v_merge_options_0='-q'
intltool__v_merge_options_='$(intltool__v_merge_options_$(AM_DEFAULT_VERBOSITY))'
libdir='${exec_prefix}/lib'
libexecdir='${exec_prefix}/libexec'
localedir='${datarootdir}/locale'
localstatedir='${prefix}/var'
mandir='${datarootdir}/man'
mkdir_p='$(MKDIR_P)'
oldincludedir='/usr/include'
pdfdir='${docdir}'
prefix='/usr/local'
program_transform_name='s,x,x,'
psdir='${docdir}'
sbindir='${exec_prefix}/sbin'
sharedstatedir='${prefix}/com'
sysconfdir='${prefix}/etc'
target_alias=''

## ----------- ##
## confdefs.h. ##
## ----------- ##

/* confdefs.h */
#define PACKAGE_NAME "plank"
#define PACKAGE_TARNAME "plank"
#define PACKAGE_VERSION "0.6.1"
#define PACKAGE_STRING "plank 0.6.1"
#define PACKAGE_BUGREPORT "https://bugs.launchpad.net/plank"
#define PACKAGE_URL "https://launchpad.net/plank"
#define RELEASE_NAME "Stupidly simple."
#define VERSION_INFO "Release"
#define PACKAGE "plank"
#define VERSION "0.6.1"
#define STDC_HEADERS 1
#define HAVE_SYS_TYPES_H 1
#define HAVE_SYS_STAT_H 1
#define HAVE_STDLIB_H 1
#define HAVE_STRING_H 1
#define HAVE_MEMORY_H 1
#define HAVE_STRINGS_H 1
#define HAVE_INTTYPES_H 1
#define HAVE_STDINT_H 1
#define HAVE_UNISTD_H 1
#define HAVE_DLFCN_H 1
#define LT_OBJDIR ".libs/"
#define GETTEXT_PACKAGE "plank"

configure: exit 0

## ---------------------- ##
## Running config.status. ##
## ---------------------- ##

This file was extended by plank config.status 0.6.1, which was
generated by GNU Autoconf 2.69.  Invocation command line was

  CONFIG_FILES    = 
  CONFIG_HEADERS  = 
  CONFIG_LINKS    = 
  CONFIG_COMMANDS = 
  $ ./config.status 

on fatih-laptop

config.status:1212: creating Makefile
config.status:1212: creating data/Makefile
config.status:1212: creating data/apport/Makefile
config.status:1212: creating data/icons/Makefile
config.status:1212: creating data/themes/Makefile
config.status:1212: creating lib/Makefile
config.status:1212: creating lib/plank.deps
config.status:1212: creating lib/plank.pc
config.status:1212: creating src/Makefile
config.status:1212: creating docs/Makefile
config.status:1212: creating po/Makefile.in
config.status:1212: creating tests/Makefile
config.status:1212: creating vapi/Makefile
config.status:1212: creating config.h
config.status:1393: config.h is unchanged
config.status:1441: executing depfiles commands
config.status:1441: executing libtool commands
config.status:1441: executing po/stamp-it commands
